<?xml version="1.0" encoding="UTF-8"?>
<!-- Generated by org.testng.reporters.JUnitReportReporter -->
<testsuite hostname="AnnieSneha" failures="0" tests="5" name="apiTesting.DummyApi" time="5.914" errors="0" timestamp="2024-10-01T12:47:03 IST" skipped="0">
  <testcase classname="apiTesting.DummyApi" name="scheduleHook" time="3.082"/>
  <testcase classname="apiTesting.DummyApi" name="getHook" time="0.733"/>
  <testcase classname="apiTesting.DummyApi" name="getID" time="0.718"/>
  <testcase classname="apiTesting.DummyApi" name="updateHook" time="0.694"/>
  <testcase classname="apiTesting.DummyApi" name="deleteID" time="0.687"/>
</testsuite> <!-- apiTesting.DummyApi -->
